Log file open, 04/16/17 09:07:12
LogInit:Display: Running engine for game: DarkSoulCamera
LogPlatformFile: Not using cached read wrapper
LogInit:Display: RandInit(2026646777) SRandInit(2026646787).
LogTaskGraph: Started task graph with 4 named threads and 7 total threads with 1 sets of task threads.
LogStats: Stats thread started at 0.236435
LogInit: Version: 4.12.5-3039270+++UE4+Release-4.12
LogInit: API Version: 2992821
LogInit: Net Version: 3039270
LogDevObjectVersion: Number of dev versions registered: 13
LogDevObjectVersion:   Dev-Blueprints (B0D832E4-1F89-4F0D-ACCF-7EB736FD4AA2): 3
LogDevObjectVersion:   Dev-Build (E1C64328-A22C-4D53-A36C-8E866417BD8C): 0
LogDevObjectVersion:   Dev-Core (375EC13C-06E4-48FB-B500-84F0262A717E): 1
LogDevObjectVersion:   Dev-Editor (E4B068ED-F494-42E9-A231-DA0B2E46BB41): 2
LogDevObjectVersion:   Dev-Framework (CFFC743F-43B0-4480-9391-14DF171D2073): 6
LogDevObjectVersion:   Dev-Mobile (B02B49B5-BB20-44E9-A304-32B752E40360): 0
LogDevObjectVersion:   Dev-Networking (A4E4105C-59A1-49B5-A7C5-40C4547EDFEE): 0
LogDevObjectVersion:   Dev-Online (39C831C9-5AE6-47DC-9A44-9C173E1C8E7C): 0
LogDevObjectVersion:   Dev-Physics (78F01B33-EBEA-4F98-B9B4-84EACCB95AA2): 0
LogDevObjectVersion:   Dev-Platform (6631380F-2D4D-43E0-8009-CF276956A95A): 0
LogDevObjectVersion:   Dev-Rendering (12F88B9F-8875-4AFC-A67C-D90C383ABD29): 2
LogDevObjectVersion:   Dev-Sequencer (7B5AE74C-D270-4C10-A958-57980B212A5A): 0
LogDevObjectVersion:   Dev-VR (D7296918-1DD6-4BDD-9DE2-64A83CC13884): 0
LogInit: Compiled (64-bit): Jul  6 2016 09:09:46
LogInit: Compiled with Visual C++: 19.00.23026.00
LogInit: Build Configuration: Development
LogInit: Branch Name: ++UE4+Release-4.12
LogInit: Command line:  
LogInit: Base directory: C:/Program Files (x86)/Epic Games/4.12/Engine/Binaries/Win64/
LogInit: Installed Engine Build: 1
LogInit: Using libcurl 7.41.0
LogInit:  - built for x86_64-pc-win32
LogInit:  - supports SSL with WinSSL
LogInit:  - other features:
LogInit:      CURL_VERSION_SSL
LogInit:      CURL_VERSION_IPV6
LogInit:      CURL_VERSION_ASYNCHDNS
LogInit:      CURL_VERSION_LARGEFILE
LogInit:      CURL_VERSION_IDN
LogInit:  CurlRequestOptions (configurable via config and command line):
LogInit:  - bVerifyPeer = true  - Libcurl will verify peer certificate
LogInit:  - bUseHttpProxy = false  - Libcurl will NOT use HTTP proxy
LogInit:  - bDontReuseConnections = false  - Libcurl will reuse connections
LogInit:  - CertBundlePath = nullptr  - Libcurl will use whatever was configured at build time.
LogInit: Presizing for max 8388607 objects, including 0 objects not considered by GC, pre-allocating 0 bytes for permanent pool.
LogInit: Object subsystem initialized
[2017.04.16-01.07.13:056][  0]LogInit: Selected Device Profile: [Windows]
[2017.04.16-01.07.13:056][  0]LogInit: Applying CVar settings loaded from the selected device profile: [Windows]
[2017.04.16-01.07.13:086][  0]LogInit: Computer: DESKTOP-ARK1SFT
[2017.04.16-01.07.13:086][  0]LogInit: User: obilang
[2017.04.16-01.07.13:086][  0]LogInit: CPU Page size=65536, Cores=4
[2017.04.16-01.07.13:087][  0]LogInit: High frequency timer resolution =3.328124 MHz
[2017.04.16-01.07.13:087][  0]LogMemory: Memory total: Physical=15.9GB (16GB approx)
[2017.04.16-01.07.13:087][  0]LogMemory: Platform Memory Stats for Windows
[2017.04.16-01.07.13:087][  0]LogMemory: Process Physical Memory: 192.66 MB used, 192.66 MB peak
[2017.04.16-01.07.13:087][  0]LogMemory: Process Virtual Memory: 195.31 MB used, 195.31 MB peak
[2017.04.16-01.07.13:087][  0]LogMemory: Physical Memory: 7475.89 MB used, 16299.88 MB total
[2017.04.16-01.07.13:087][  0]LogMemory: Virtual Memory: 553.78 MB used, 134217728.00 MB total
[2017.04.16-01.07.13:826][  0]LogD3D11RHI: D3D11 adapters:
[2017.04.16-01.07.13:856][  0]LogD3D11RHI:    0. 'NVIDIA GeForce GTX 970' (Feature Level 11_0)
[2017.04.16-01.07.13:856][  0]LogD3D11RHI:       4058/0/8149 MB DedicatedVideo/DedicatedSystem/SharedSystem, Outputs:1, VendorId:0x10de
[2017.04.16-01.07.13:857][  0]LogD3D11RHI:    1. 'Microsoft Basic Render Driver' (Feature Level 11_0)
[2017.04.16-01.07.13:858][  0]LogD3D11RHI:       0/0/8149 MB DedicatedVideo/DedicatedSystem/SharedSystem, Outputs:0, VendorId:0x1414
[2017.04.16-01.07.13:858][  0]LogD3D11RHI: Chosen D3D11 Adapter: 0
[2017.04.16-01.07.13:863][  0]LogD3D11RHI: Creating new Direct3DDevice
[2017.04.16-01.07.13:863][  0]LogD3D11RHI:     GPU DeviceId: 0x13c2 (for the marketing name, search the web for "GPU Device Id")
[2017.04.16-01.07.13:863][  0]LogWindows: EnumDisplayDevices:
[2017.04.16-01.07.13:863][  0]LogWindows:    0. 'NVIDIA GeForce GTX 970' (P:1 D:1)
[2017.04.16-01.07.13:863][  0]LogWindows:    1. 'NVIDIA GeForce GTX 970' (P:0 D:0)
[2017.04.16-01.07.13:863][  0]LogWindows:    2. 'NVIDIA GeForce GTX 970' (P:0 D:0)
[2017.04.16-01.07.13:863][  0]LogWindows:    3. 'NVIDIA GeForce GTX 970' (P:0 D:0)
[2017.04.16-01.07.13:864][  0]LogWindows: DebugString: FoundDriverCount:4 
[2017.04.16-01.07.13:864][  0]LogD3D11RHI:     Adapter Name: NVIDIA GeForce GTX 970
[2017.04.16-01.07.13:864][  0]LogD3D11RHI:   Driver Version: 372.90 (internal:21.21.13.7290, unified:372.90)
[2017.04.16-01.07.13:864][  0]LogD3D11RHI:      Driver Date: 9-16-2016
[2017.04.16-01.07.13:864][  0]LogRHI: Texture pool is 1361 MB (70% of 1945 MB)
[2017.04.16-01.07.13:877][  0]LogD3D11RHI: Async texture creation enabled
[2017.04.16-01.07.13:889][  0]LogD3D11RHI: GPU Timing Frequency: 1000.000000 (Debug: 2 1)
[2017.04.16-01.07.13:890][  0]LogShaderCompilers: Guid format shader working directory is 14 characters bigger than the processId version (D:/GameDe v/Unreal/DarkSoulCamera/Intermediate/Shaders/WorkingDirectory/19240/).
[2017.04.16-01.07.13:890][  0]LogShaderCompilers: Cleaned the shader compiler working directory 'C:/Users/obilang/AppData/Local/Temp/UnrealShaderWorkingDir/C60A7F8B49CB216CF566A6A7901BFE31/'.
[2017.04.16-01.07.13:890][  0]LogShaderCompilers:Display: Using Local Shader Compiler.
[2017.04.16-01.07.18:100][  0]LogTemp:Display: Loaded TP AllDesktopTargetPlatform
[2017.04.16-01.07.18:108][  0]LogTemp:Display: Loaded TP WindowsClientTargetPlatform
[2017.04.16-01.07.18:116][  0]LogTemp:Display: Loaded TP WindowsNoEditorTargetPlatform
[2017.04.16-01.07.18:124][  0]LogTemp:Display: Loaded TP WindowsServerTargetPlatform
[2017.04.16-01.07.18:133][  0]LogTemp:Display: Loaded TP WindowsTargetPlatform
[2017.04.16-01.07.18:143][  0]LogTemp:Display: Loaded TP AndroidTargetPlatform
[2017.04.16-01.07.18:149][  0]LogTemp:Display: Loaded TP Android_ASTCTargetPlatform
[2017.04.16-01.07.18:156][  0]LogTemp:Display: Loaded TP Android_ATCTargetPlatform
[2017.04.16-01.07.18:163][  0]LogTemp:Display: Loaded TP Android_DXTTargetPlatform
[2017.04.16-01.07.18:170][  0]LogTemp:Display: Loaded TP Android_ETC1TargetPlatform
[2017.04.16-01.07.18:177][  0]LogTemp:Display: Loaded TP Android_ETC2TargetPlatform
[2017.04.16-01.07.18:192][  0]LogTemp:Display: Loaded TP Android_MultiTargetPlatform
[2017.04.16-01.07.18:192][  0]LogTemp:Display: Loaded TP Android_PVRTCTargetPlatform
[2017.04.16-01.07.18:193][  0]LogTemp:Display: Loaded TP HTML5TargetPlatform
[2017.04.16-01.07.18:235][  0]LogTemp:Display: Loaded TP IOSTargetPlatform
[2017.04.16-01.07.18:241][  0]LogTemp:Display: Loaded TP TVOSTargetPlatform
[2017.04.16-01.07.18:248][  0]LogTemp:Display: Loaded TP LinuxNoEditorTargetPlatform
[2017.04.16-01.07.18:256][  0]LogTemp:Display: Loaded TP LinuxServerTargetPlatform
[2017.04.16-01.07.18:266][  0]LogTemp:Display: Loaded TP LinuxTargetPlatform
[2017.04.16-01.07.18:266][  0]LogTargetPlatformManager:Display: Building Assets For Windows
[2017.04.16-01.07.18:536][  0]LogDerivedDataCache:Display: Max Cache Size: 512 MB
[2017.04.16-01.07.18:681][  0]LogDerivedDataCache: Loaded boot cache 0.14s 53MB C:/Users/obilang/AppData/Local/UnrealEngine/4.12/DerivedDataCache/Boot.ddc.
[2017.04.16-01.07.18:682][  0]LogDerivedDataCache:Display: Loaded Boot cache: C:/Users/obilang/AppData/Local/UnrealEngine/4.12/DerivedDataCache/Boot.ddc
[2017.04.16-01.07.18:682][  0]LogDerivedDataCache: FDerivedDataBackendGraph:  Pak pak cache file D:/GameDe v/Unreal/DarkSoulCamera/DerivedDataCache/DDC.ddp not found, will not use a pak cache.
[2017.04.16-01.07.18:682][  0]LogDerivedDataCache: Unable to find inner node Pak for hierarchical cache Hierarchy.
[2017.04.16-01.07.18:682][  0]LogDerivedDataCache: FDerivedDataBackendGraph:  CompressedPak pak cache file D:/GameDe v/Unreal/DarkSoulCamera/DerivedDataCache/Compressed.ddp not found, will not use a pak cache.
[2017.04.16-01.07.18:682][  0]LogDerivedDataCache: Unable to find inner node CompressedPak for hierarchical cache Hierarchy.
[2017.04.16-01.07.18:703][  0]LogDerivedDataCache:Display: Pak cache opened for reading ../../../Engine/DerivedDataCache/Compressed.ddp.
[2017.04.16-01.07.18:715][  0]LogDerivedDataCache: Using Local data cache path C:/Users/obilang/AppData/Local/UnrealEngine/Common/DerivedDataCache: Writable
[2017.04.16-01.07.20:970][  0]LogInit: Selected Device Profile: [Windows]
[2017.04.16-01.07.20:973][  0]LogContentStreaming: Texture pool size is 0.00 MB
[2017.04.16-01.07.21:272][  0]LogMeshUtilities: No automatic mesh reduction module available
[2017.04.16-01.07.21:272][  0]LogMeshUtilities: No automatic mesh merging module available
[2017.04.16-01.07.21:272][  0]LogMeshUtilities: No distributed automatic mesh merging module available
[2017.04.16-01.07.21:850][  0]LogAssetRegistry: FAssetRegistry took 0.0217 seconds to start up
[2017.04.16-01.07.21:889][  0]LogPackageLocalizationCache: Processed 3 localized package path(s) for 1 prioritized culture(s) in 0.036153 seconds
[2017.04.16-01.07.21:894][  0]LogUObjectArray: 28739 objects as part of root set at end of initial load.
[2017.04.16-01.07.21:894][  0]LogUObjectAllocator: 5855624 out of 0 bytes used by permanent object pool.
[2017.04.16-01.07.21:894][  0]LogUObjectArray: CloseDisregardForGC: 0/0 objects in disregard for GC pool
[2017.04.16-01.07.21:902][  0]LogInit: WinSock: version 1.1 (2.2), MaxSocks=32767, MaxUdp=65467
[2017.04.16-01.07.22:296][  0]LogSlate: SlateFontCache - WITH_FREETYPE: 1, WITH_HARFBUZZ: 1
[2017.04.16-01.07.22:296][  0]LogSlate: SlateFontCache - WITH_FREETYPE: 1, WITH_HARFBUZZ: 1
[2017.04.16-01.07.24:237][  0]LogUdpMessaging: Initializing bridge on interface 0.0.0.0:0 to multicast group 230.0.0.1:6666.
[2017.04.16-01.07.24:617][  0]SourceControl: Info Source control is disabled
[2017.04.16-01.07.24:618][  0]SourceControl: Info Source control is disabled
[2017.04.16-01.07.24:631][  0]SourceControl: Info Source control is disabled
[2017.04.16-01.07.24:641][  0]SourceControl: Info Source control is disabled
[2017.04.16-01.07.24:925][  0]LogEngine: Initializing Engine...
[2017.04.16-01.07.24:945][  0]LogHMD: SteamVR failed to initialize.  Err: 110
[2017.04.16-01.07.24:945][  0]LogHMD: SteamVR failed to initialize.  Err: 110
[2017.04.16-01.07.25:198][  0]LogAIModule: Creating AISystem for world NewWorld
[2017.04.16-01.07.25:217][  0]LogInit: XAudio2 using '扬声器 (Wireless Stereo Headset)' : 2 channels at 44.1 kHz using 16 bits per sample (channel mask 0x3)
[2017.04.16-01.07.25:231][  0]LogInit: FAudioDevice initialized.
[2017.04.16-01.07.25:256][  0]LogDerivedDataCache: Saved boot cache 0.03s 53MB C:/Users/obilang/AppData/Local/UnrealEngine/4.12/DerivedDataCache/Boot.ddc.
[2017.04.16-01.07.25:265][  0]LogInit: Texture streaming: Enabled
[2017.04.16-01.07.25:298][  0]LogWindowsTextInputMethodSystem:Display: IME system now deactivated.
[2017.04.16-01.07.25:339][  0]LogInit: Transaction tracking system initialized
[2017.04.16-01.07.25:365][  0]BlueprintLog: New page: Editor Load
[2017.04.16-01.07.25:449][  0]LocalizationService: Info Localization service is disabled
[2017.04.16-01.07.25:522][  0]LogConsoleResponse:Display: 
[2017.04.16-01.07.26:000][  0]LogCook:Display: Max memory allowance for cook 8192mb
[2017.04.16-01.07.26:000][  0]LogCook:Display: Mobile HDR setting 1
[2017.04.16-01.07.26:165][  0]LogFileCache: Scanning file cache for directory 'D:/GameDe v/Unreal/DarkSoulCamera/Content/' took 0.02s
[2017.04.16-01.07.26:166][  0]SourceControl: Info Source control is disabled
[2017.04.16-01.07.34:662][  0]LogWindowsTextInputMethodSystem:Display: IME system now deactivated.
[2017.04.16-01.07.34:670][  0]LogWindowsTextInputMethodSystem:Display: IME system now deactivated.
[2017.04.16-01.07.34:671][  0]Cmd: MAP LOAD FILE="D:/GameDe v/Unreal/DarkSoulCamera/Content/ThirdPersonBP/Maps/ThirdPersonExampleMap.umap" TEMPLATE=0 SHOWPROGRESS=1 FEATURELEVEL=3
[2017.04.16-01.07.34:672][  0]LightingResults: New page: Lighting Build
[2017.04.16-01.07.34:675][  0]MapCheck: New page: Map Check
[2017.04.16-01.07.34:675][  0]LightingResults: New page: Lighting Build
[2017.04.16-01.07.36:245][  0]LogAIModule: Creating AISystem for world ThirdPersonExampleMap
[2017.04.16-01.07.36:523][  0]LogEditorServer: Finished looking for orphan Actors (0.000 secs)
[2017.04.16-01.07.36:524][  0]Cmd: MAP CHECKDEP NOCLEARLOG
[2017.04.16-01.07.36:610][  0]MapCheck: Info Map check complete: 0 Error(s), 0 Warning(s), took 86.031ms to complete.
[2017.04.16-01.07.36:610][  0]LogFileHelpers: Loading map 'ThirdPersonExampleMap' took 1.939
[2017.04.16-01.07.36:734][  0]LogStats:Warning: MetaData mismatch. Did you assign a stat to two groups? New //STATGROUP_Threads//SplashScreenThread///Thread_1fb8_0///####STATCAT_Advanced#### old //STATGROUP_Threads//SplashScreenThread///Thread_132c_0///####STATCAT_Advanced####
[2017.04.16-01.07.36:734][  0]LogCollectionManager: Loaded 1 collections in 0.005437 seconds
[2017.04.16-01.07.36:777][  0]LogFileCache: Scanning file cache for directory 'D:/GameDe v/Unreal/DarkSoulCamera/Saved/Collections/' took 0.01s
[2017.04.16-01.07.36:777][  0]LogFileCache: Scanning file cache for directory 'D:/GameDe v/Unreal/DarkSoulCamera/Content/Developers/obilang/Collections/' took 0.01s
[2017.04.16-01.07.36:777][  0]LogFileCache: Scanning file cache for directory 'D:/GameDe v/Unreal/DarkSoulCamera/Content/Collections/' took 0.01s
[2017.04.16-01.07.36:777][  0]LogCollectionManager: Rebuilt the GUID cache for 1 collections in 0.000009 seconds
[2017.04.16-01.07.36:777][  0]LogCollectionManager: Rebuilt the hierarchy cache for 1 collections in 0.000000 seconds
[2017.04.16-01.07.36:795][  0]LogContentBrowser: Native class hierarchy populated in 0.0168 seconds. Added 2047 classes and 369 folders.
[2017.04.16-01.07.36:806][  0]LogStats: UGameplayTagsManager::ConstructGameplayTagTree: Construct from data asset -  0.000 s
[2017.04.16-01.07.36:806][  0]LogStats: UGameplayTagsManager::ConstructGameplayTagTree: GameplayTagTreeChangedEvent.Broadcast -  0.000 s
[2017.04.16-01.07.36:810][  0]LogContentBrowser: Native class hierarchy updated for 'GameplayTags' in 0.0036 seconds. Added 12 classes and 0 folders.
[2017.04.16-01.07.36:860][  0]LogContentBrowser: Native class hierarchy updated for 'WidgetCarousel' in 0.0126 seconds. Added 0 classes and 0 folders.
[2017.04.16-01.07.37:237][  0]LogContentBrowser: Native class hierarchy updated for 'AddContentDialog' in 0.0007 seconds. Added 0 classes and 0 folders.
[2017.04.16-01.07.37:241][  0]LogContentBrowser: Native class hierarchy updated for 'SceneOutliner' in 0.0004 seconds. Added 1 classes and 2 folders.
[2017.04.16-01.07.37:263][  0]LogCrashTracker: Crashtracker disabled due to settings.
[2017.04.16-01.07.37:269][  0]LogUObjectGlobals:Warning: Failed to find object 'Class None.'
[2017.04.16-01.07.37:297][  0]LogContentBrowser: Native class hierarchy updated for 'HierarchicalLODOutliner' in 0.0005 seconds. Added 1 classes and 2 folders.
[2017.04.16-01.07.37:297][  0]LogLoad: Full Startup: 26.44 seconds (BP compile: 0.17 seconds)
[2017.04.16-01.07.37:297][  0]LogExternalProfiler: Found external profiler: VSPerf
[2017.04.16-01.07.37:297][  0]LogExternalProfiler: Using external profiler: VSPerf
[2017.04.16-01.07.37:308][  0]LogOcInput: OculusInput pre-init called
[2017.04.16-01.07.37:326][  0]LogContentStreaming: Texture pool size now 1000 MB
[2017.04.16-01.07.37:568][  0]LogRenderer: Reallocating scene render targets to support 1208x656 (Frame:2).
[2017.04.16-01.07.37:696][  1]LogAssetRegistry: Asset discovery search completed in 15.8682 seconds
[2017.04.16-01.07.37:697][  1]LogCollectionManager: Rebuilt the object cache for 1 collections in 0.000012 seconds (found 0 objects)
[2017.04.16-01.07.37:697][  1]LogCollectionManager: Fixed up redirectors for 1 collections in 0.000037 seconds (updated 0 objects)
[2017.04.16-01.07.39:710][181]LogBlueprintUserMessages: Early PlayInEditor Detection: Level '/Game/ThirdPersonBP/Maps/ThirdPersonExampleMap.ThirdPersonExampleMap:PersistentLevel' has LevelScriptBlueprint '/Game/ThirdPersonBP/Maps/ThirdPersonExampleMap.ThirdPersonExampleMap:PersistentLevel.ThirdPersonExampleMap' with GeneratedClass '/Game/ThirdPersonBP/Maps/ThirdPersonExampleMap.ThirdPersonExampleMap_C' with ClassGeneratedBy '/Game/ThirdPersonBP/Maps/ThirdPersonExampleMap.ThirdPersonExampleMap:PersistentLevel.ThirdPersonExampleMap'
[2017.04.16-01.07.39:710][181]LogPlayLevel: PlayLevel: No blueprints needed recompiling
[2017.04.16-01.07.39:720][181]PIE: New page: PIE session: ThirdPersonExampleMap (Apr 16, 2017, 5:07:39 PM)
[2017.04.16-01.07.39:720][181]LogPlayLevel: Creating play world package: /Game/ThirdPersonBP/Maps/UEDPIE_0_ThirdPersonExampleMap
[2017.04.16-01.07.39:743][181]LogPlayLevel: PIE: StaticDuplicateObject took: (0.023148s)
[2017.04.16-01.07.39:744][181]LogAIModule: Creating AISystem for world ThirdPersonExampleMap
[2017.04.16-01.07.39:744][181]LogPlayLevel: PIE: World Init took: (0.000700s)
[2017.04.16-01.07.39:744][181]LogPlayLevel: PIE: Created PIE world by copying editor world from /Game/ThirdPersonBP/Maps/ThirdPersonExampleMap.ThirdPersonExampleMap to /Game/ThirdPersonBP/Maps/UEDPIE_0_ThirdPersonExampleMap.ThirdPersonExampleMap (0.024177s)
[2017.04.16-01.07.39:785][181]LogInit: XAudio2 using '扬声器 (Wireless Stereo Headset)' : 2 channels at 44.1 kHz using 16 bits per sample (channel mask 0x3)
[2017.04.16-01.07.39:793][181]LogInit: FAudioDevice initialized.
[2017.04.16-01.07.39:869][181]LogWorld: Game class is 'ThirdPersonGameMode_C'
[2017.04.16-01.07.39:878][181]LogWorld: Bringing World /Game/ThirdPersonBP/Maps/UEDPIE_0_ThirdPersonExampleMap.ThirdPersonExampleMap up for play (max tick rate 0) at 2017.04.16-09.07.39
[2017.04.16-01.07.39:879][181]LogWorld: Bringing up level for play took: 0.007669
[2017.04.16-01.07.39:886][181]LogContentBrowser: Native class hierarchy updated for 'MovieSceneCapture' in 0.0005 seconds. Added 11 classes and 0 folders.
[2017.04.16-01.07.39:886][181]PIE: Info Play in editor start time for /Game/ThirdPersonBP/Maps/UEDPIE_0_ThirdPersonExampleMap -0.616
[2017.04.16-01.07.39:886][181]LogBlueprintUserMessages: Late PlayInEditor Detection: Level '/Game/ThirdPersonBP/Maps/ThirdPersonExampleMap.ThirdPersonExampleMap:PersistentLevel' has LevelScriptBlueprint '/Game/ThirdPersonBP/Maps/ThirdPersonExampleMap.ThirdPersonExampleMap:PersistentLevel.ThirdPersonExampleMap' with GeneratedClass '/Game/ThirdPersonBP/Maps/ThirdPersonExampleMap.ThirdPersonExampleMap_C' with ClassGeneratedBy '/Game/ThirdPersonBP/Maps/ThirdPersonExampleMap.ThirdPersonExampleMap:PersistentLevel.ThirdPersonExampleMap'
[2017.04.16-01.07.44:430][702]LogSynthBenchmark:Display: FSynthBenchmark (V0.95):  requested WorkScale=5.00
[2017.04.16-01.07.44:430][702]LogSynthBenchmark:Display: ===============
[2017.04.16-01.07.44:430][702]LogSynthBenchmark:Display: Main Processor:
[2017.04.16-01.07.44:635][702]LogSynthBenchmark:Display:          ... 0.020758 s/Run 'RayIntersect'
[2017.04.16-01.07.44:635][702]LogSynthBenchmark:Display:          ... 0.019959 s/Run 'Fractal'
[2017.04.16-01.07.44:635][702]LogSynthBenchmark:Display: 
[2017.04.16-01.07.44:635][702]LogSynthBenchmark:Display:   CompiledTarget_x_Bits: 64
[2017.04.16-01.07.44:635][702]LogSynthBenchmark:Display:   UE_BUILD_SHIPPING: 0
[2017.04.16-01.07.44:635][702]LogSynthBenchmark:Display:   UE_BUILD_TEST: 0
[2017.04.16-01.07.44:635][702]LogSynthBenchmark:Display:   UE_BUILD_DEBUG: 0
[2017.04.16-01.07.44:635][702]LogSynthBenchmark:Display:   TotalPhysicalGBRam: 16
[2017.04.16-01.07.44:635][702]LogSynthBenchmark:Display:   NumberOfCores (physical): 4
[2017.04.16-01.07.44:635][702]LogSynthBenchmark:Display:   NumberOfCores (logical): 8
[2017.04.16-01.07.44:635][702]LogSynthBenchmark:Display:   CPU Perf Index 0: 123.4 (weight 1.00)
[2017.04.16-01.07.44:635][702]LogSynthBenchmark:Display:   CPU Perf Index 1: 143.3 (weight 1.50)
[2017.04.16-01.07.44:635][702]LogSynthBenchmark:Display:  
[2017.04.16-01.07.44:635][702]LogSynthBenchmark:Display: Graphics:
[2017.04.16-01.07.44:635][702]LogSynthBenchmark:Display:   Adapter Name: 'NVIDIA GeForce GTX 970'
[2017.04.16-01.07.44:635][702]LogSynthBenchmark:Display:   (On Optimus the name might be wrong, memory should be ok)
[2017.04.16-01.07.44:635][702]LogSynthBenchmark:Display:   Vendor Id: 0x10de
[2017.04.16-01.07.44:635][702]LogSynthBenchmark:Display:   Device Id: 0x13c2
[2017.04.16-01.07.44:635][702]LogSynthBenchmark:Display:   GPU Memory: 4059/0/8150 MB
[2017.04.16-01.07.44:642][702]LogSynthBenchmark:Display:   GPU first test: 0.00s
[2017.04.16-01.07.44:642][702]LogSynthBenchmark:Display:          ... 3.760 GigaPix/s, Confidence=100% 'ALUHeavyNoise' (likely to be very inaccurate)
[2017.04.16-01.07.44:642][702]LogSynthBenchmark:Display:          ... 3.277 GigaPix/s, Confidence=100% 'TexHeavy' (likely to be very inaccurate)
[2017.04.16-01.07.44:642][702]LogSynthBenchmark:Display:          ... 2.556 GigaPix/s, Confidence=100% 'DepTexHeavy' (likely to be very inaccurate)
[2017.04.16-01.07.44:642][702]LogSynthBenchmark:Display:          ... 6.934 GigaPix/s, Confidence=100% 'FillOnly' (likely to be very inaccurate)
[2017.04.16-01.07.44:642][702]LogSynthBenchmark:Display:          ... 0.626 GigaPix/s, Confidence=100% 'Bandwidth' (likely to be very inaccurate)
[2017.04.16-01.07.44:662][702]LogSynthBenchmark:Display:   GPU second test: 0.02s
[2017.04.16-01.07.44:662][702]LogSynthBenchmark:Display:          ... 7.665 GigaPix/s, Confidence=100% 'ALUHeavyNoise' (likely to be inaccurate)
[2017.04.16-01.07.44:662][702]LogSynthBenchmark:Display:          ... 6.196 GigaPix/s, Confidence=100% 'TexHeavy' (likely to be inaccurate)
[2017.04.16-01.07.44:662][702]LogSynthBenchmark:Display:          ... 5.354 GigaPix/s, Confidence=100% 'DepTexHeavy' (likely to be inaccurate)
[2017.04.16-01.07.44:662][702]LogSynthBenchmark:Display:          ... 29.314 GigaPix/s, Confidence=100% 'FillOnly' (likely to be inaccurate)
[2017.04.16-01.07.44:662][702]LogSynthBenchmark:Display:          ... 0.712 GigaPix/s, Confidence=100% 'Bandwidth' (likely to be inaccurate)
[2017.04.16-01.07.45:350][702]LogSynthBenchmark:Display:   GPU third test: 0.67s
[2017.04.16-01.07.45:350][702]LogSynthBenchmark:Display:          ... 9.956 GigaPix/s, Confidence=100% 'ALUHeavyNoise'
[2017.04.16-01.07.45:350][702]LogSynthBenchmark:Display:          ... 7.650 GigaPix/s, Confidence=100% 'TexHeavy'
[2017.04.16-01.07.45:350][702]LogSynthBenchmark:Display:          ... 7.122 GigaPix/s, Confidence=89% 'DepTexHeavy'
[2017.04.16-01.07.45:350][702]LogSynthBenchmark:Display:          ... 46.924 GigaPix/s, Confidence=100% 'FillOnly'
[2017.04.16-01.07.45:350][702]LogSynthBenchmark:Display:          ... 0.812 GigaPix/s, Confidence=100% 'Bandwidth'
[2017.04.16-01.07.45:350][702]LogSynthBenchmark:Display: 
[2017.04.16-01.07.45:350][702]LogSynthBenchmark:Display:   GPU Perf Index 0: 216.4 (weight 1.00)
[2017.04.16-01.07.45:350][702]LogSynthBenchmark:Display:   GPU Perf Index 1: 102.7 (weight 0.10)
[2017.04.16-01.07.45:350][702]LogSynthBenchmark:Display:   GPU Perf Index 2: 185.1 (weight 0.10)
[2017.04.16-01.07.45:350][702]LogSynthBenchmark:Display:   GPU Perf Index 3: 184.3 (weight 3.00)
[2017.04.16-01.07.45:350][702]LogSynthBenchmark:Display:   GPU Perf Index 4: 75.8 (weight 1.00)
[2017.04.16-01.07.45:350][702]LogSynthBenchmark:Display:   CPUIndex: 135.3
[2017.04.16-01.07.45:350][702]LogSynthBenchmark:Display:   GPUIndex: 168.0
[2017.04.16-01.07.45:350][702]LogSynthBenchmark:Display: 
[2017.04.16-01.07.45:350][702]LogSynthBenchmark:Display:          ... Total Time: 0.919601 sec
[2017.04.16-01.08.13:221][ 31]LogBlueprintUserMessages: Early EndPlayMap Detection: Level '/Game/ThirdPersonBP/Maps/ThirdPersonExampleMap.ThirdPersonExampleMap:PersistentLevel' has LevelScriptBlueprint '/Game/ThirdPersonBP/Maps/ThirdPersonExampleMap.ThirdPersonExampleMap:PersistentLevel.ThirdPersonExampleMap' with GeneratedClass '/Game/ThirdPersonBP/Maps/ThirdPersonExampleMap.ThirdPersonExampleMap_C' with ClassGeneratedBy '/Game/ThirdPersonBP/Maps/ThirdPersonExampleMap.ThirdPersonExampleMap:PersistentLevel.ThirdPersonExampleMap'
[2017.04.16-01.08.13:261][ 31]LogBlueprintUserMessages: Late EndPlayMap Detection: Level '/Game/ThirdPersonBP/Maps/ThirdPersonExampleMap.ThirdPersonExampleMap:PersistentLevel' has LevelScriptBlueprint '/Game/ThirdPersonBP/Maps/ThirdPersonExampleMap.ThirdPersonExampleMap:PersistentLevel.ThirdPersonExampleMap' with GeneratedClass '/Game/ThirdPersonBP/Maps/ThirdPersonExampleMap.ThirdPersonExampleMap_C' with ClassGeneratedBy '/Game/ThirdPersonBP/Maps/ThirdPersonExampleMap.ThirdPersonExampleMap:PersistentLevel.ThirdPersonExampleMap'
[2017.04.16-01.08.17:974][547]LogContentBrowser: Native class hierarchy updated for 'BlueprintGraph' in 0.0008 seconds. Added 111 classes and 0 folders.
[2017.04.16-01.08.51:613][541]LogWindowsTextInputMethodSystem:Display: IME system now deactivated.
[2017.04.16-01.08.51:789][542]Cmd: QUIT_EDITOR
[2017.04.16-01.08.52:490][542]LogExit: Preparing to exit.
[2017.04.16-01.08.53:470][542]LogExit: Editor shut down
[2017.04.16-01.08.53:470][542]LogExit: Transaction tracking system shut down
[2017.04.16-01.08.53:592][542]LogObj: Freed 0b from 0 cluster array pools.
[2017.04.16-01.08.53:592][542]LogExit: Object subsystem successfully closed.
[2017.04.16-01.08.53:618][542]LogD3D11RHI: Shutdown
[2017.04.16-01.08.53:618][542]LogD3D11RHI: CleanupD3DDevice
[2017.04.16-01.08.53:677][542]LogD3D11RHI: ~FD3D11DynamicRHI
[2017.04.16-01.08.53:695][542]LogModuleManager: Shutting down and abandoning module BlueprintGraph (216)
[2017.04.16-01.08.53:695][542]LogModuleManager: Shutting down and abandoning module SynthBenchmark (215)
[2017.04.16-01.08.53:695][542]LogModuleManager: Shutting down and abandoning module MovieSceneCapture (214)
[2017.04.16-01.08.53:695][542]LogModuleManager: Shutting down and abandoning module HierarchicalLODOutliner (213)
[2017.04.16-01.08.53:695][542]LogModuleManager: Shutting down and abandoning module CrashTracker (212)
[2017.04.16-01.08.53:695][542]LogModuleManager: Shutting down and abandoning module SceneOutliner (211)
[2017.04.16-01.08.53:695][542]LogModuleManager: Shutting down and abandoning module WidgetCarousel (210)
[2017.04.16-01.08.53:695][542]LogModuleManager: Shutting down and abandoning module AddContentDialog (209)
[2017.04.16-01.08.53:696][542]LogModuleManager: Shutting down and abandoning module GameplayTags (208)
[2017.04.16-01.08.53:696][542]LogModuleManager: Shutting down and abandoning module EditorWidgets (207)
[2017.04.16-01.08.53:696][542]LogModuleManager: Shutting down and abandoning module CollectionManager (206)
[2017.04.16-01.08.53:696][542]LogModuleManager: Shutting down and abandoning module StatsViewer (205)
[2017.04.16-01.08.53:696][542]LogModuleManager: Shutting down and abandoning module FoliageEdit (204)
[2017.04.16-01.08.53:696][542]LogModuleManager: Shutting down and abandoning module LandscapeEditor (203)
[2017.04.16-01.08.53:696][542]LogModuleManager: Shutting down and abandoning module SceneDepthPickerMode (202)
[2017.04.16-01.08.53:696][542]LogModuleManager: Shutting down and abandoning module ActorPickerMode (201)
[2017.04.16-01.08.53:696][542]LogModuleManager: Shutting down and abandoning module GeometryMode (200)
[2017.04.16-01.08.53:696][542]LogModuleManager: Shutting down and abandoning module TextureAlignMode (199)
[2017.04.16-01.08.53:696][542]LogModuleManager: Shutting down and abandoning module BspMode (198)
[2017.04.16-01.08.53:696][542]LogModuleManager: Shutting down and abandoning module HardwareSurvey (197)
[2017.04.16-01.08.53:696][542]LogModuleManager: Shutting down and abandoning module SequenceRecorderSections (196)
[2017.04.16-01.08.53:696][542]LogModuleManager: Shutting down and abandoning module SequenceRecorder (195)
[2017.04.16-01.08.53:696][542]LogModuleManager: Shutting down and abandoning module AutomationWorker (194)
[2017.04.16-01.08.53:696][542]LogModuleManager: Shutting down and abandoning module MatineeToLevelSequence (193)
[2017.04.16-01.08.53:696][542]LogModuleManager: Shutting down and abandoning module PlacementMode (192)
[2017.04.16-01.08.53:697][542]LogModuleManager: Shutting down and abandoning module LevelSequenceEditor (191)
[2017.04.16-01.08.53:698][542]LogModuleManager: Shutting down and abandoning module CharacterAI (190)
[2017.04.16-01.08.53:698][542]LogModuleManager: Shutting down and abandoning module SmartSnapping (189)
[2017.04.16-01.08.53:698][542]LogModuleManager: Shutting down and abandoning module SessionServices (188)
[2017.04.16-01.08.53:698][542]LogModuleManager: Shutting down and abandoning module ViewportSnapping (187)
[2017.04.16-01.08.53:698][542]LogModuleManager: Shutting down and abandoning module LogVisualizer (186)
[2017.04.16-01.08.53:698][542]LogModuleManager: Shutting down and abandoning module GameProjectGeneration (185)
[2017.04.16-01.08.53:698][542]LogModuleManager: Shutting down and abandoning module IntroTutorials (184)
[2017.04.16-01.08.53:698][542]LogModuleManager: Shutting down and abandoning module EditorLiveStreaming (183)
[2017.04.16-01.08.53:698][542]LogModuleManager: Shutting down and abandoning module IOSPlatformEditor (182)
[2017.04.16-01.08.53:698][542]LogModuleManager: Shutting down and abandoning module HTML5PlatformEditor (181)
[2017.04.16-01.08.53:698][542]LogModuleManager: Shutting down and abandoning module AndroidDeviceDetection (180)
[2017.04.16-01.08.54:507][542]LogModuleManager: Shutting down and abandoning module AndroidPlatformEditor (179)
[2017.04.16-01.08.54:507][542]LogModuleManager: Shutting down and abandoning module IOSRuntimeSettings (178)
[2017.04.16-01.08.54:507][542]LogModuleManager: Shutting down and abandoning module AndroidRuntimeSettings (177)
[2017.04.16-01.08.54:507][542]LogModuleManager: Shutting down and abandoning module MergeActors (176)
[2017.04.16-01.08.54:507][542]LogModuleManager: Shutting down and abandoning module SizeMap (175)
[2017.04.16-01.08.54:507][542]LogModuleManager: Shutting down and abandoning module TreeMap (174)
[2017.04.16-01.08.54:507][542]LogModuleManager: Shutting down and abandoning module ReferenceViewer (173)
[2017.04.16-01.08.54:507][542]LogModuleManager: Shutting down and abandoning module LocalizationService (172)
[2017.04.16-01.08.54:507][542]LogModuleManager: Shutting down and abandoning module LocalizationDashboard (171)
[2017.04.16-01.08.54:507][542]LogModuleManager: Shutting down and abandoning module HardwareTargeting (170)
[2017.04.16-01.08.54:507][542]LogModuleManager: Shutting down and abandoning module DeviceProfileEditor (169)
[2017.04.16-01.08.54:507][542]LogModuleManager: Shutting down and abandoning module UndoHistory (168)
[2017.04.16-01.08.54:507][542]LogModuleManager: Shutting down and abandoning module UserFeedback (167)
[2017.04.16-01.08.54:507][542]LogModuleManager: Shutting down and abandoning module XmlParser (166)
[2017.04.16-01.08.54:507][542]LogModuleManager: Shutting down and abandoning module Blutility (165)
[2017.04.16-01.08.54:507][542]LogModuleManager: Shutting down and abandoning module ProjectTargetPlatformEditor (164)
[2017.04.16-01.08.54:507][542]LogModuleManager: Shutting down and abandoning module ProjectSettingsViewer (163)
[2017.04.16-01.08.54:507][542]LogModuleManager: Shutting down and abandoning module InputBindingEditor (162)
[2017.04.16-01.08.54:508][542]LogModuleManager: Shutting down and abandoning module EditorSettingsViewer (161)
[2017.04.16-01.08.54:508][542]LogModuleManager: Shutting down and abandoning module SettingsEditor (160)
[2017.04.16-01.08.54:508][542]LogModuleManager: Shutting down and abandoning module ProjectLauncher (159)
[2017.04.16-01.08.54:508][542]LogModuleManager: Shutting down and abandoning module SessionFrontend (158)
[2017.04.16-01.08.54:508][542]LogModuleManager: Shutting down and abandoning module ProfilerClient (157)
[2017.04.16-01.08.54:508][542]LogModuleManager: Shutting down and abandoning module TargetDeviceServices (156)
[2017.04.16-01.08.54:508][542]LogModuleManager: Shutting down and abandoning module DeviceManager (155)
[2017.04.16-01.08.54:550][542]LogModuleManager: Shutting down and abandoning module AutomationController (154)
[2017.04.16-01.08.54:550][542]LogModuleManager: Shutting down and abandoning module AutomationWindow (153)
[2017.04.16-01.08.54:550][542]LogModuleManager: Shutting down and abandoning module Layers (152)
[2017.04.16-01.08.54:550][542]LogModuleManager: Shutting down and abandoning module ComponentVisualizers (151)
[2017.04.16-01.08.54:550][542]LogModuleManager: Shutting down and abandoning module DetailCustomizations (150)
[2017.04.16-01.08.54:550][542]LogModuleManager: Shutting down and abandoning module PackagesDialog (149)
[2017.04.16-01.08.54:550][542]LogModuleManager: Shutting down and abandoning module Persona (148)
[2017.04.16-01.08.54:550][542]LogModuleManager: Shutting down and abandoning module Kismet (147)
[2017.04.16-01.08.54:550][542]LogModuleManager: Shutting down and abandoning module GraphEditor (146)
[2017.04.16-01.08.54:550][542]LogModuleManager: Shutting down and abandoning module ClassViewer (145)
[2017.04.16-01.08.54:550][542]LogModuleManager: Shutting down and abandoning module Toolbox (144)
[2017.04.16-01.08.54:550][542]LogModuleManager: Shutting down and abandoning module ModuleUI (143)
[2017.04.16-01.08.54:550][542]LogModuleManager: Shutting down and abandoning module MovieSceneTools (142)
[2017.04.16-01.08.54:550][542]LogModuleManager: Shutting down and abandoning module OutputLog (141)
[2017.04.16-01.08.54:550][542]LogModuleManager: Shutting down and abandoning module GammaUI (140)
[2017.04.16-01.08.54:550][542]LogModuleManager: Shutting down and abandoning module Documentation (139)
[2017.04.16-01.08.54:550][542]LogModuleManager: Shutting down and abandoning module StreamingPauseRendering (138)
[2017.04.16-01.08.54:550][542]LogModuleManager: Shutting down and abandoning module AnalyticsET (137)
[2017.04.16-01.08.54:550][542]LogModuleManager: Shutting down and abandoning module Analytics (136)
[2017.04.16-01.08.54:550][542]LogModuleManager: Shutting down and abandoning module PortalServices (135)
[2017.04.16-01.08.54:550][542]LogModuleManager: Shutting down and abandoning module PortalRpc (134)
[2017.04.16-01.08.54:550][542]LogModuleManager: Shutting down and abandoning module MessagingRpc (133)
[2017.04.16-01.08.54:550][542]LogModuleManager: Shutting down and abandoning module GameplayDebugger (132)
[2017.04.16-01.08.54:550][542]LogModuleManager: Shutting down and abandoning module AITestSuite (131)
[2017.04.16-01.08.54:550][542]LogModuleManager: Shutting down and abandoning module AIModule (130)
[2017.04.16-01.08.54:550][542]LogModuleManager: Shutting down and abandoning module ProfilerService (129)
[2017.04.16-01.08.54:689][542]LogModuleManager: Shutting down and abandoning module TaskGraph (128)
[2017.04.16-01.08.54:689][542]LogModuleManager: Shutting down and abandoning module SlateRemote (127)
[2017.04.16-01.08.54:689][542]LogModuleManager: Shutting down and abandoning module SteamVRController (126)
[2017.04.16-01.08.54:689][542]LogModuleManager: Shutting down and abandoning module SteamVR (125)
[2017.04.16-01.08.54:689][542]LogModuleManager: Shutting down and abandoning module ProceduralMeshComponent (124)
[2017.04.16-01.08.54:689][542]LogModuleManager: Shutting down and abandoning module OculusLibrary (123)
[2017.04.16-01.08.54:689][542]LogModuleManager: Shutting down and abandoning module OculusInput (122)
[2017.04.16-01.08.54:689][542]LogModuleManager: Shutting down and abandoning module CustomMeshComponent (121)
[2017.04.16-01.08.54:708][542]LogModuleManager: Shutting down and abandoning module CableComponent (120)
[2017.04.16-01.08.54:708][542]LogModuleManager: Shutting down and abandoning module ArchVisCharacter (119)
[2017.04.16-01.08.54:709][542]LogModuleManager: Shutting down and abandoning module MediaPlayerEditor (118)
[2017.04.16-01.08.54:709][542]LogModuleManager: Shutting down and abandoning module HTML5Networking (117)
[2017.04.16-01.08.54:709][542]LogModuleManager: Shutting down and abandoning module SuperSearch (116)
[2017.04.16-01.08.54:709][542]LogModuleManager: Shutting down and abandoning module SuperSearchEditor (115)
[2017.04.16-01.08.54:709][542]LogModuleManager: Shutting down and abandoning module SpeedTreeImporter (114)
[2017.04.16-01.08.54:709][542]LogModuleManager: Shutting down and abandoning module PluginBrowser (113)
[2017.04.16-01.08.54:710][542]LogModuleManager: Shutting down and abandoning module EpicSurvey (112)
[2017.04.16-01.08.54:710][542]LogModuleManager: Shutting down and abandoning module DesktopPlatform (111)
[2017.04.16-01.08.54:710][542]LogModuleManager: Shutting down and abandoning module VisualStudioSourceCodeAccess (110)
[2017.04.16-01.08.54:710][542]LogModuleManager: Shutting down and abandoning module UObjectPlugin (109)
[2017.04.16-01.08.54:710][542]LogModuleManager: Shutting down and abandoning module SubversionSourceControl (108)
[2017.04.16-01.08.54:711][542]LogModuleManager: Shutting down and abandoning module PerforceSourceControl (107)
[2017.04.16-01.08.54:711][542]LogModuleManager: Shutting down and abandoning module SourceControl (106)
[2017.04.16-01.08.54:711][542]LogModuleManager: Shutting down and abandoning module GitSourceControl (105)
[2017.04.16-01.08.54:712][542]LogModuleManager: Shutting down and abandoning module LightPropagationVolumeEditor (104)
[2017.04.16-01.08.54:712][542]LogModuleManager: Shutting down and abandoning module PaperTiledImporter (103)
[2017.04.16-01.08.54:712][542]LogModuleManager: Shutting down and abandoning module PaperSpriteSheetImporter (102)
[2017.04.16-01.08.54:712][542]LogModuleManager: Shutting down and abandoning module MeshPaint (101)
[2017.04.16-01.08.54:712][542]LogModuleManager: Shutting down and abandoning module PixelInspectorModule (100)
[2017.04.16-01.08.54:712][542]LogModuleManager: Shutting down and abandoning module HotReload (99)
[2017.04.16-01.08.54:713][542]LogModuleManager: Shutting down and abandoning module MainFrame (98)
[2017.04.16-01.08.54:713][542]LogModuleManager: Shutting down and abandoning module LevelEditor (97)
[2017.04.16-01.08.54:713][542]LogModuleManager: Shutting down and abandoning module ContentBrowser (96)
[2017.04.16-01.08.54:714][542]LogModuleManager: Shutting down and abandoning module Paper2DEditor (95)
[2017.04.16-01.08.54:715][542]LogModuleManager: Shutting down and abandoning module UdpMessaging (94)
[2017.04.16-01.08.54:815][542]LogModuleManager: Shutting down and abandoning module LightPropagationVolumeRuntime (93)
[2017.04.16-01.08.54:815][542]LogModuleManager: Shutting down and abandoning module Paper2D (92)
[2017.04.16-01.08.54:835][542]LogModuleManager: Shutting down and abandoning module WindowsMoviePlayer (91)
[2017.04.16-01.08.54:835][542]LogModuleManager: Shutting down and abandoning module Media (90)
[2017.04.16-01.08.54:835][542]LogModuleManager: Shutting down and abandoning module WmfMedia (89)
[2017.04.16-01.08.54:836][542]LogModuleManager: Shutting down and abandoning module MediaAssets (88)
[2017.04.16-01.08.54:836][542]LogModuleManager: Shutting down and abandoning module GameLiveStreaming (87)
[2017.04.16-01.08.54:836][542]LogModuleManager: Shutting down and abandoning module GameplayTagsEditor (86)
[2017.04.16-01.08.54:836][542]LogModuleManager: Shutting down and abandoning module OnlineBlueprintSupport (85)
[2017.04.16-01.08.54:836][542]LogModuleManager: Shutting down and abandoning module VREditor (84)
[2017.04.16-01.08.54:836][542]LogModuleManager: Shutting down and abandoning module GameplayTasksEditor (83)
[2017.04.16-01.08.54:836][542]LogModuleManager: Shutting down and abandoning module PropertyEditor (82)
[2017.04.16-01.08.54:836][542]LogModuleManager: Shutting down and abandoning module BehaviorTreeEditor (81)
[2017.04.16-01.08.54:836][542]LogModuleManager: Shutting down and abandoning module FunctionalTesting (80)
[2017.04.16-01.08.54:836][542]LogModuleManager: Shutting down and abandoning module CollisionAnalyzer (79)
[2017.04.16-01.08.54:836][542]LogModuleManager: Shutting down and abandoning module Sequencer (78)
[2017.04.16-01.08.54:836][542]LogModuleManager: Shutting down and abandoning module WorkspaceMenuStructure (77)
[2017.04.16-01.08.54:836][542]LogModuleManager: Shutting down and abandoning module MessageLog (76)
[2017.04.16-01.08.54:836][542]LogModuleManager: Shutting down and abandoning module AssetTools (75)
[2017.04.16-01.08.54:837][542]LogModuleManager: Shutting down and abandoning module UMGEditor (74)
[2017.04.16-01.08.54:837][542]LogModuleManager: Shutting down and abandoning module UMG (73)
[2017.04.16-01.08.54:837][542]LogModuleManager: Shutting down and abandoning module SlateReflector (72)
[2017.04.16-01.08.54:837][542]LogModuleManager: Shutting down and abandoning module Slate (71)
[2017.04.16-01.08.54:837][542]LogModuleManager: Shutting down and abandoning module EditorStyle (70)
[2017.04.16-01.08.54:841][542]LogModuleManager: Shutting down and abandoning module SourceCodeAccess (69)
[2017.04.16-01.08.54:841][542]LogModuleManager: Shutting down and abandoning module HeadMountedDisplay (68)
[2017.04.16-01.08.54:841][542]LogModuleManager: Shutting down and abandoning module XAudio2 (67)
[2017.04.16-01.08.54:841][542]LogModuleManager: Shutting down and abandoning module Networking (65)
[2017.04.16-01.08.54:841][542]LogModuleManager: Shutting down and abandoning module Core (64)
[2017.04.16-01.08.54:841][542]LogModuleManager: Shutting down and abandoning module DirectoryWatcher (63)
[2017.04.16-01.08.54:841][542]LogModuleManager: Shutting down and abandoning module AssetRegistry (62)
[2017.04.16-01.08.54:925][542]LogModuleManager: Shutting down and abandoning module KismetCompiler (61)
[2017.04.16-01.08.54:925][542]LogModuleManager: Shutting down and abandoning module PhysXFormats (60)
[2017.04.16-01.08.54:925][542]LogModuleManager: Shutting down and abandoning module MeshUtilities (59)
[2017.04.16-01.08.54:925][542]LogModuleManager: Shutting down and abandoning module DerivedDataCache (58)
[2017.04.16-01.08.55:276][542]LogDerivedDataCache: Shutdown
[2017.04.16-01.08.55:276][542]LogModuleManager: Shutting down and abandoning module VulkanShaderFormat (57)
[2017.04.16-01.08.55:276][542]LogModuleManager: Shutting down and abandoning module ShaderFormatOpenGL (56)
[2017.04.16-01.08.55:276][542]LogModuleManager: Shutting down and abandoning module ShaderFormatD3D (55)
[2017.04.16-01.08.55:276][542]LogModuleManager: Shutting down and abandoning module MetalShaderFormat (54)
[2017.04.16-01.08.55:276][542]LogModuleManager: Shutting down and abandoning module TextureFormatUncompressed (53)
[2017.04.16-01.08.55:276][542]LogModuleManager: Shutting down and abandoning module TextureFormatPVR (52)
[2017.04.16-01.08.55:276][542]LogModuleManager: Shutting down and abandoning module TextureFormatIntelISPCTexComp (51)
[2017.04.16-01.08.55:276][542]LogModuleManager: Shutting down and abandoning module TextureFormatDXT (50)
[2017.04.16-01.08.55:276][542]LogModuleManager: Shutting down and abandoning module ImageWrapper (49)
[2017.04.16-01.08.55:276][542]LogModuleManager: Shutting down and abandoning module TextureFormatASTC (48)
[2017.04.16-01.08.55:276][542]LogModuleManager: Shutting down and abandoning module TextureFormatAndroid (47)
[2017.04.16-01.08.55:276][542]LogModuleManager: Shutting down and abandoning module AudioFormatOpus (46)
[2017.04.16-01.08.55:276][542]LogModuleManager: Shutting down and abandoning module AudioFormatOgg (45)
[2017.04.16-01.08.55:276][542]LogModuleManager: Shutting down and abandoning module AudioFormatADPCM (44)
[2017.04.16-01.08.55:276][542]LogModuleManager: Shutting down and abandoning module LinuxTargetPlatform (43)
[2017.04.16-01.08.55:276][542]LogModuleManager: Shutting down and abandoning module LinuxServerTargetPlatform (42)
[2017.04.16-01.08.55:276][542]LogModuleManager: Shutting down and abandoning module LinuxNoEditorTargetPlatform (41)
[2017.04.16-01.08.55:276][542]LogModuleManager: Shutting down and abandoning module TVOSTargetPlatform (40)
[2017.04.16-01.08.55:276][542]LogModuleManager: Shutting down and abandoning module Messaging (39)
[2017.04.16-01.08.55:276][542]LogModuleManager: Shutting down and abandoning module IOSTargetPlatform (38)
[2017.04.16-01.08.55:276][542]LogModuleManager: Shutting down and abandoning module HTML5TargetPlatform (37)
[2017.04.16-01.08.55:276][542]LogModuleManager: Shutting down and abandoning module Android_PVRTCTargetPlatform (36)
[2017.04.16-01.08.55:276][542]LogModuleManager: Shutting down and abandoning module Android_MultiTargetPlatform (35)
[2017.04.16-01.08.55:276][542]LogModuleManager: Shutting down and abandoning module Android_ETC2TargetPlatform (34)
[2017.04.16-01.08.55:276][542]LogModuleManager: Shutting down and abandoning module Android_ETC1TargetPlatform (33)
[2017.04.16-01.08.55:276][542]LogModuleManager: Shutting down and abandoning module Android_DXTTargetPlatform (32)
[2017.04.16-01.08.55:276][542]LogModuleManager: Shutting down and abandoning module Android_ATCTargetPlatform (31)
[2017.04.16-01.08.55:276][542]LogModuleManager: Shutting down and abandoning module Android_ASTCTargetPlatform (30)
[2017.04.16-01.08.55:276][542]LogModuleManager: Shutting down and abandoning module AndroidTargetPlatform (29)
[2017.04.16-01.08.55:276][542]LogModuleManager: Shutting down and abandoning module WindowsTargetPlatform (28)
[2017.04.16-01.08.55:276][542]LogModuleManager: Shutting down and abandoning module WindowsServerTargetPlatform (27)
[2017.04.16-01.08.55:276][542]LogModuleManager: Shutting down and abandoning module WindowsNoEditorTargetPlatform (26)
[2017.04.16-01.08.55:276][542]LogModuleManager: Shutting down and abandoning module WindowsClientTargetPlatform (25)
[2017.04.16-01.08.55:276][542]LogModuleManager: Shutting down and abandoning module AllDesktopTargetPlatform (24)
[2017.04.16-01.08.55:276][542]LogModuleManager: Shutting down and abandoning module TargetPlatform (23)
[2017.04.16-01.08.55:276][542]LogModuleManager: Shutting down and abandoning module InputCore (22)
[2017.04.16-01.08.55:276][542]LogModuleManager: Shutting down and abandoning module Settings (21)
[2017.04.16-01.08.55:276][542]LogModuleManager: Shutting down and abandoning module OnlineSubsystem (19)
[2017.04.16-01.08.55:276][542]LogModuleManager: Shutting down and abandoning module HTTP (18)
[2017.04.16-01.08.56:777][542]LogModuleManager: Shutting down and abandoning module XMPP (17)
[2017.04.16-01.08.56:778][542]LogModuleManager: Shutting down and abandoning module OculusRift (16)
[2017.04.16-01.08.56:797][542]LogModuleManager: Shutting down and abandoning module ExampleDeviceProfileSelector (15)
[2017.04.16-01.08.56:797][542]LogModuleManager: Shutting down and abandoning module TextureCompressor (14)
[2017.04.16-01.08.56:797][542]LogModuleManager: Shutting down and abandoning module ShaderCore (13)
[2017.04.16-01.08.56:797][542]LogModuleManager: Shutting down and abandoning module Landscape (12)
[2017.04.16-01.08.56:797][542]LogModuleManager: Shutting down and abandoning module SlateRHIRenderer (11)
[2017.04.16-01.08.56:798][542]LogModuleManager: Shutting down and abandoning module OpenGLDrv (10)
[2017.04.16-01.08.56:798][542]LogModuleManager: Shutting down and abandoning module D3D11RHI (9)
[2017.04.16-01.08.56:798][542]LogModuleManager: Shutting down and abandoning module AnimGraphRuntime (8)
[2017.04.16-01.08.56:798][542]LogModuleManager: Shutting down and abandoning module Renderer (7)
[2017.04.16-01.08.56:798][542]LogModuleManager: Shutting down and abandoning module Engine (6)
[2017.04.16-01.08.56:798][542]LogModuleManager: Shutting down and abandoning module CoreUObject (5)
[2017.04.16-01.08.56:798][542]LogModuleManager: Shutting down and abandoning module NetworkFile (4)
[2017.04.16-01.08.56:798][542]LogModuleManager: Shutting down and abandoning module StreamingFile (3)
[2017.04.16-01.08.56:799][542]LogModuleManager: Shutting down and abandoning module SandboxFile (2)
[2017.04.16-01.08.56:799][542]LogModuleManager: Shutting down and abandoning module PakFile (1)
[2017.04.16-01.08.56:800][542]LogExit: Exiting.
[2017.04.16-01.08.56:812][542]Log file closed, 04/16/17 09:08:56
